{'W': 'STAY', 'N': 'STAY', 'E': 'STAY', 'S': 'UP', 'C': 'STAY'}
{'W': 1, 'N': 0.85, 'E': 1, 'S': 0.85, 'C': 0.85}
{'W': 'W', 'N': 'E', 'E': 'E', 'S': 'E', 'C': 'E'}
455,152 : Initial state:  N 1 3 R 1
	Action:  CRAFT
		Final state:  N 0 3 D 1 ;	Prob:  0.5
{'W': 'SHOOT', 'N': 'STAY', 'E': 'HIT', 'S': 'GATHER', 'C': 'SHOOT'}
{'W': 1, 'N': 0.85, 'E': 1, 'S': 0.85, 'C': 0.85}
{'W': 'W', 'N': 'E', 'E': 'E', 'S': 'E', 'C': 'E'}
455,157 : Initial state:  N 1 3 R 1
	Action:  CRAFT
		Final state:  N 0 3 R 1 ;	Prob:  0.5
{'W': 'RIGHT', 'N': 'STAY', 'E': 'STAY', 'S': 'STAY', 'C': 'LEFT'}
{'W': 1, 'N': 0.85, 'E': 1, 'S': 0.85, 'C': 0.85}
{'W': 'W', 'N': 'E', 'E': 'E', 'S': 'E', 'C': 'E'}
455,192 : Initial state:  N 1 3 R 1
	Action:  CRAFT
		Final state:  N 1 3 D 1 ;	Prob:  0
{'W': 'SHOOT', 'N': 'DOWN', 'E': 'SHOOT', 'S': 'UP', 'C': 'STAY'}
{'W': 1, 'N': 0.85, 'E': 1, 'S': 0.85, 'C': 0.85}
{'W': 'W', 'N': 'E', 'E': 'E', 'S': 'E', 'C': 'E'}
455, 197 : Initial state:  N 1 3 R 1
	Action:  CRAFT
		Final state:  N 1 3 R 1 ;	Prob:  -1 (tot)


{'W': 'STAY', 'N': 'CRAFT', 'E': 'STAY', 'S': 'GATHER', 'C': 'LEFT'}
{'W': 1, 'N': 0.85, 'E': 1, 'S': 0.85, 'C': 0.85}
{'W': 'W', 'N': 'E', 'E': 'E', 'S': 'E', 'C': 'E'}
458,153 : Initial state:  N 1 3 R 2
	Action:  CRAFT
		Final state:  N 0 3 D 2 ;	Prob:  0.5
{'W': 'RIGHT', 'N': 'DOWN', 'E': 'LEFT', 'S': 'STAY', 'C': 'LEFT'}
{'W': 1, 'N': 0.85, 'E': 1, 'S': 0.85, 'C': 0.85}
{'W': 'W', 'N': 'E', 'E': 'E', 'S': 'E', 'C': 'E'}
458,158 : Initial state:  N 1 3 R 2
	Action:  CRAFT
		Final state:  N 0 3 R 2 ;	Prob:  0.5


{'W': 'STAY', 'N': 'DOWN', 'E': 'HIT', 'S': 'STAY', 'C': 'DOWN'}
{'W': 1, 'N': 0.85, 'E': 1, 'S': 0.85, 'C': 0.85}
{'W': 'W', 'N': 'E', 'E': 'E', 'S': 'E', 'C': 'E'}
257,104 : Initial state:  W 2 2 R 3
	Action:  STAY
		Final state:  W 2 2 D 3 ;	Prob:  0.5
{'W': 'RIGHT', 'N': 'CRAFT', 'E': 'STAY', 'S': 'GATHER', 'C': 'UP'}
{'W': 1, 'N': 0.85, 'E': 1, 'S': 0.85, 'C': 0.85}
{'W': 'W', 'N': 'E', 'E': 'E', 'S': 'E', 'C': 'E'}
257,109 : Initial state:  W 2 2 R 3
	Action:  STAY
		Final state:  W 2 2 R 3 ;	Prob:  -0.5


{'W': 'SHOOT', 'N': 'CRAFT', 'E': 'SHOOT', 'S': 'UP', 'C': 'DOWN'}
{'W': 1, 'N': 0.85, 'E': 1, 'S': 0.85, 'C': 0.85}
{'W': 'W', 'N': 'E', 'E': 'E', 'S': 'E', 'C': 'E'}
Initial state:  W 2 3 R 4
	Action:  STAY
		Final state:  W 2 3 R 4 ;	Prob:  0
{'W': 'STAY', 'N': 'STAY', 'E': 'STAY', 'S': 'UP', 'C': 'RIGHT'}
{'W': 1, 'N': 0.85, 'E': 1, 'S': 0.85, 'C': 0.85}
{'W': 'W', 'N': 'E', 'E': 'E', 'S': 'E', 'C': 'E'}
Initial state:  W 2 3 R 4
	Action:  STAY
		Final state:  W 2 3 D 4 ;	Prob:  0.5
